============================= test session starts ==============================
platform linux -- Python 3.8.5, pytest-6.2.3, py-1.10.0, pluggy-0.13.1
rootdir: /home/gp-ubuntu/Desktop/EPAi2/EPAi2-Assignments/capstone/deployment/certificate_mailer
plugins: Faker-8.1.2
collected 13 items

certificate_mailer/tests/test_automated.py .F...........                 [100%]

=================================== FAILURES ===================================
_____________________________ test_readme_contents _____________________________

    def test_readme_contents():
        readme_words=[word for line in open('README.md', 'r', encoding="utf-8") for word in line.split()]
>       assert len(readme_words) >= 500, "Make your README.md file interesting! Add atleast 500 words"
E       AssertionError: Make your README.md file interesting! Add atleast 500 words
E       assert 33 >= 500
E        +  where 33 = len(['Sample', 'Module', 'Repository', '========================', 'This', 'simple', ...])

certificate_mailer/tests/test_automated.py:34: AssertionError
=========================== short test summary info ============================
FAILED certificate_mailer/tests/test_automated.py::test_readme_contents - Ass...
======================== 1 failed, 12 passed in 45.84s =========================
